<?xml version="1.0" encoding="UTF-8"?>
<con:testCase xmlns:con="http://eviware.com/soapui/config" id="42c142ee-56e1-419c-8316-b43a73809b28" discardOkResults="false" failOnError="false" failTestCaseOnErrors="true" keepSession="false" name="Test Case 1" searchProperties="true" timeout="0">
  <con:settings id="8e1c185d-bc71-466a-88da-a74a41d2c6e5">
    <con:setting id="42c142ee-56e1-419c-8316-b43a73809b28fileName">Test-Case-1</con:setting>
  </con:settings>
  <con:savedRecentRuns>1</con:savedRecentRuns>
  <con:testStep type="datasource" name="Internal" id="d65a0fe8-3347-4492-a62a-1fdf9d230c72">
    <con:settings/>
    <con:config xmlns:xsi="http://www.w3.org/2001/XMLSchema-instance" xsi:type="con:DataSourceStep">
      <con:dataSource type="Grid">
        <con:configuration>
          <check><![CDATA[<xml-fragment><con:entry xmlns:con="http://eviware.com/soapui/config">true</con:entry><con:entry xmlns:con="http://eviware.com/soapui/config">true</con:entry><con:entry xmlns:con="http://eviware.com/soapui/config">true</con:entry><con:entry xmlns:con="http://eviware.com/soapui/config">true</con:entry><con:entry xmlns:con="http://eviware.com/soapui/config">true</con:entry></xml-fragment>]]></check>
          <row>&lt;xml-fragment>&lt;con:entry xmlns:con="http://eviware.com/soapui/config">1&lt;/con:entry>&lt;con:entry xmlns:con="http://eviware.com/soapui/config"/>&lt;/xml-fragment></row>
          <row>&lt;xml-fragment>&lt;con:entry xmlns:con="http://eviware.com/soapui/config">2&lt;/con:entry>&lt;con:entry xmlns:con="http://eviware.com/soapui/config"/>&lt;/xml-fragment></row>
          <row>&lt;xml-fragment>&lt;con:entry xmlns:con="http://eviware.com/soapui/config">3&lt;/con:entry>&lt;con:entry xmlns:con="http://eviware.com/soapui/config"/>&lt;/xml-fragment></row>
          <row>&lt;xml-fragment>&lt;con:entry xmlns:con="http://eviware.com/soapui/config">4&lt;/con:entry>&lt;con:entry xmlns:con="http://eviware.com/soapui/config"/>&lt;/xml-fragment></row>
          <row>&lt;xml-fragment>&lt;con:entry xmlns:con="http://eviware.com/soapui/config">5&lt;/con:entry>&lt;con:entry xmlns:con="http://eviware.com/soapui/config"/>&lt;/xml-fragment></row>
          <recognizeAsPlainText>true</recognizeAsPlainText>
        </con:configuration>
      </con:dataSource>
      <con:shared>true</con:shared>
      <con:restartShared>true</con:restartShared>
      <con:property>itemNumber</con:property>
      <con:restartOnRun>true</con:restartOnRun>
      <con:stopDatasourceExhausted>false</con:stopDatasourceExhausted>
    </con:config>
  </con:testStep>
  <con:testStep type="datasource" name="Data Source" id="b7eefca1-1bf4-476a-b0b4-af99d30dac03" disabled="true">
    <con:settings/>
    <con:config xmlns:xsi="http://www.w3.org/2001/XMLSchema-instance" xsi:type="con:DataSourceStep">
      <con:dataSource type="Excel">
        <con:configuration>
          <file>C:/Users/corey.vernon/Desktop/Prime23/PrimeData.xlsx</file>
          <worksheet/>
          <cell>A1</cell>
          <ignoreEmpty>false</ignoreEmpty>
          <evaluateFormulas>false</evaluateFormulas>
        </con:configuration>
      </con:dataSource>
      <con:shared>true</con:shared>
      <con:restartShared>true</con:restartShared>
      <con:property>itemName</con:property>
      <con:property>itemID</con:property>
      <con:property>manName</con:property>
      <con:property>manPhone</con:property>
      <con:property>itemNumber</con:property>
      <con:startRow>1</con:startRow>
      <con:endRow/>
      <con:recordsPerIteration>1</con:recordsPerIteration>
      <con:completeLastOperation>true</con:completeLastOperation>
      <con:trimValues>false</con:trimValues>
      <con:entitizeValues>false</con:entitizeValues>
      <con:restartOnRun>true</con:restartOnRun>
      <con:expandProperties>false</con:expandProperties>
      <con:stopDatasourceExhausted>false</con:stopDatasourceExhausted>
    </con:config>
  </con:testStep>
  <con:testStep type="restrequest" name="REST Request" id="e9ec2acb-a708-4c76-b732-5947f877b8f1">
    <con:settings/>
    <con:config xmlns:xsi="http://www.w3.org/2001/XMLSchema-instance" service="Magic API" resourcePath="/inventory" methodName="searchInventory" xsi:type="con:RestRequestStep">
      <con:restRequest name="REST Request" id="4a7a448b-35f4-4f46-a503-3afa21add472" mediaType="application/json">
        <con:settings>
          <con:setting id="com.eviware.soapui.impl.wsdl.WsdlRequest@request-headers">&lt;xml-fragment/></con:setting>
        </con:settings>
        <con:endpoint>https://virtserver.swaggerhub.com/Corey_Projects/Magic/2.0.0</con:endpoint>
        <con:request/>
        <con:originalUri>https://virtserver.swaggerhub.com/Corey_Projects/Magic/2.0.0/inventory</con:originalUri>
        <con:assertion type="Valid HTTP Status Codes" id="f2badfe2-e893-4f4d-a133-db5903468e8f" name="Valid HTTP Status Codes">
          <con:settings/>
          <con:configuration>
            <codes>200</codes>
          </con:configuration>
        </con:assertion>
        <con:credentials>
          <con:selectedAuthProfile>No Authorization</con:selectedAuthProfile>
          <con:authType>No Authorization</con:authType>
        </con:credentials>
        <con:jmsConfig JMSDeliveryMode="PERSISTENT"/>
        <con:parameters>
          <con:entry key="itemNumber" value="${Internal#itemNumber}"/>
        </con:parameters>
        <con:parameterOrder>
          <con:entry>itemNumber</con:entry>
        </con:parameterOrder>
        <con:environmentSpec>
          <con:entry environmentId="2408fd09-2032-4e1b-acdb-8c7777358df4">
            <con:authProfile>Inherit From Parent</con:authProfile>
          </con:entry>
        </con:environmentSpec>
      </con:restRequest>
    </con:config>
  </con:testStep>
  <con:testStep type="datasourceloop" name="Data Source Loop" id="49a48942-5480-4f05-b041-2b26843786b4">
    <con:settings/>
    <con:config>
      <dataSourceStep>Internal</dataSourceStep>
      <targetStep>REST Request</targetStep>
      <discardResults>false</discardResults>
    </con:config>
  </con:testStep>
  <con:properties/>
  <con:reportParameters/>
  <con:breakPoints>
    <con:testStepId>b7eefca1-1bf4-476a-b0b4-af99d30dac03</con:testStepId>
    <con:status>NONE</con:status>
    <con:properties/>
  </con:breakPoints>
  <con:breakPoints>
    <con:testStepId>e9ec2acb-a708-4c76-b732-5947f877b8f1</con:testStepId>
    <con:status>NONE</con:status>
    <con:properties/>
  </con:breakPoints>
  <con:environmentSpec>
    <con:entry environmentId="2408fd09-2032-4e1b-acdb-8c7777358df4">
      <con:authProfile>Inherit From Parent</con:authProfile>
    </con:entry>
  </con:environmentSpec>
</con:testCase>
